# JRE version: Java(TM) SE Runtime Environment (23.0.2+7) (build 23.0.2+7-58)
# Java VM: Java HotSpot(TM) 64-Bit Server VM (23.0.2+7-58, mixed mode, sharing, tiered, compressed oops, compressed class ptrs, g1 gc, windows-amd64)
GC Precious Log:
 CardTable entry size: 512
 Card Set container configuration: InlinePtr #cards 5 size 8 Array Of Cards #cards 10 size 36 Howl #buckets 4 coarsen threshold 1843 Howl Bitmap #cards 512 size 80 coarsen threshold 460 Card regions per heap region 1 cards per card region 2048
 CPUs: 8 total, 8 available
 Memory: 6030M
 Large Page Support: Disabled
 NUMA Support: Disabled
 Compressed Oops: Enabled (32-bit)
 Heap Region Size: 1M
 Heap Min Capacity: 8M
 Heap Initial Capacity: 96M
 Heap Max Capacity: 1508M
 Pre-touch: Disabled
 Parallel Workers: 8
 Concurrent Workers: 2
 Concurrent Refinement Workers: 8
 Periodic GC: Disabled
Heap:
 garbage-first heap   total reserved 1544192K, committed 56320K, used 38588K [0x00000000a1c00000, 0x0000000100000000)
  region size 1024K, 9 young (9216K), 2 survivors (2048K)
 Metaspace       used 74463K, committed 75200K, reserved 1114112K
  class space    used 10295K, committed 10624K, reserved 1048576K
GC Heap History (20 events):
Event: 9.065 GC heap before
{Heap before GC invocations=9 (full 0):
 garbage-first heap   total reserved 1544192K, committed 48128K, used 40115K [0x00000000a1c00000, 0x0000000100000000)
  region size 1024K, 20 young (20480K), 1 survivors (1024K)
 Metaspace       used 39705K, committed 40256K, reserved 1114112K
  class space    used 5443K, committed 5696K, reserved 1048576K
}
Event: 9.068 GC heap after
{Heap after GC invocations=10 (full 0):
 garbage-first heap   total reserved 1544192K, committed 48128K, used 21503K [0x00000000a1c00000, 0x0000000100000000)
  region size 1024K, 2 young (2048K), 2 survivors (2048K)
 Metaspace       used 39705K, committed 40256K, reserved 1114112K
  class space    used 5443K, committed 5696K, reserved 1048576K
}
Event: 10.411 GC heap before
{Heap before GC invocations=10 (full 0):
 garbage-first heap   total reserved 1544192K, committed 48128K, used 39935K [0x00000000a1c00000, 0x0000000100000000)
  region size 1024K, 21 young (21504K), 2 survivors (2048K)
 Metaspace       used 48632K, committed 49216K, reserved 1114112K
  class space    used 6565K, committed 6848K, reserved 1048576K
}
Event: 10.417 GC heap after
{Heap after GC invocations=11 (full 0):
 garbage-first heap   total reserved 1544192K, committed 48128K, used 23466K [0x00000000a1c00000, 0x0000000100000000)
  region size 1024K, 3 young (3072K), 3 survivors (3072K)
 Metaspace       used 48632K, committed 49216K, reserved 1114112K
  class space    used 6565K, committed 6848K, reserved 1048576K
}
Event: 11.260 GC heap before
{Heap before GC invocations=11 (full 0):
 garbage-first heap   total reserved 1544192K, committed 48128K, used 41898K [0x00000000a1c00000, 0x0000000100000000)
  region size 1024K, 21 young (21504K), 3 survivors (3072K)
 Metaspace       used 52592K, committed 53120K, reserved 1114112K
  class space    used 7052K, committed 7296K, reserved 1048576K
}
Event: 11.264 GC heap after
{Heap after GC invocations=12 (full 0):
 garbage-first heap   total reserved 1544192K, committed 48128K, used 24831K [0x00000000a1c00000, 0x0000000100000000)
  region size 1024K, 2 young (2048K), 2 survivors (2048K)
 Metaspace       used 52592K, committed 53120K, reserved 1114112K
  class space    used 7052K, committed 7296K, reserved 1048576K
}
Event: 12.211 GC heap before
{Heap before GC invocations=12 (full 0):
 garbage-first heap   total reserved 1544192K, committed 48128K, used 40191K [0x00000000a1c00000, 0x0000000100000000)
  region size 1024K, 18 young (18432K), 2 survivors (2048K)
 Metaspace       used 57860K, committed 58368K, reserved 1114112K
  class space    used 7952K, committed 8192K, reserved 1048576K
}
Event: 12.215 GC heap after
{Heap after GC invocations=13 (full 0):
 garbage-first heap   total reserved 1544192K, committed 48128K, used 25540K [0x00000000a1c00000, 0x0000000100000000)
  region size 1024K, 2 young (2048K), 2 survivors (2048K)
 Metaspace       used 57860K, committed 58368K, reserved 1114112K
  class space    used 7952K, committed 8192K, reserved 1048576K
}
Event: 12.990 GC heap before
{Heap before GC invocations=14 (full 0):
 garbage-first heap   total reserved 1544192K, committed 48128K, used 40900K [0x00000000a1c00000, 0x0000000100000000)
  region size 1024K, 18 young (18432K), 2 survivors (2048K)
 Metaspace       used 60105K, committed 60672K, reserved 1114112K
  class space    used 8328K, committed 8576K, reserved 1048576K
}
Event: 12.994 GC heap after
{Heap after GC invocations=15 (full 0):
 garbage-first heap   total reserved 1544192K, committed 48128K, used 25900K [0x00000000a1c00000, 0x0000000100000000)
  region size 1024K, 2 young (2048K), 2 survivors (2048K)
 Metaspace       used 60105K, committed 60672K, reserved 1114112K
  class space    used 8328K, committed 8576K, reserved 1048576K
}
Event: 16.251 GC heap before
{Heap before GC invocations=15 (full 0):
 garbage-first heap   total reserved 1544192K, committed 48128K, used 40236K [0x00000000a1c00000, 0x0000000100000000)
  region size 1024K, 17 young (17408K), 2 survivors (2048K)
 Metaspace       used 63262K, committed 63872K, reserved 1114112K
  class space    used 8727K, committed 9024K, reserved 1048576K
}
Event: 16.255 GC heap after
{Heap after GC invocations=16 (full 0):
 garbage-first heap   total reserved 1544192K, committed 48128K, used 27152K [0x00000000a1c00000, 0x0000000100000000)
  region size 1024K, 3 young (3072K), 3 survivors (3072K)
 Metaspace       used 63262K, committed 63872K, reserved 1114112K
  class space    used 8727K, committed 9024K, reserved 1048576K
}
Event: 16.788 GC heap before
{Heap before GC invocations=16 (full 0):
 garbage-first heap   total reserved 1544192K, committed 48128K, used 41488K [0x00000000a1c00000, 0x0000000100000000)
  region size 1024K, 17 young (17408K), 3 survivors (3072K)
 Metaspace       used 66363K, committed 67008K, reserved 1114112K
  class space    used 9171K, committed 9408K, reserved 1048576K
}
Event: 16.793 GC heap after
{Heap after GC invocations=17 (full 0):
 garbage-first heap   total reserved 1544192K, committed 48128K, used 28352K [0x00000000a1c00000, 0x0000000100000000)
  region size 1024K, 3 young (3072K), 3 survivors (3072K)
 Metaspace       used 66363K, committed 67008K, reserved 1114112K
  class space    used 9171K, committed 9408K, reserved 1048576K
}
Event: 17.220 GC heap before
{Heap before GC invocations=18 (full 0):
 garbage-first heap   total reserved 1544192K, committed 50176K, used 40640K [0x00000000a1c00000, 0x0000000100000000)
  region size 1024K, 15 young (15360K), 3 survivors (3072K)
 Metaspace       used 67451K, committed 68032K, reserved 1114112K
  class space    used 9341K, committed 9600K, reserved 1048576K
}
Event: 17.225 GC heap after
{Heap after GC invocations=19 (full 0):
 garbage-first heap   total reserved 1544192K, committed 50176K, used 29892K [0x00000000a1c00000, 0x0000000100000000)
  region size 1024K, 2 young (2048K), 2 survivors (2048K)
 Metaspace       used 67451K, committed 68032K, reserved 1114112K
  class space    used 9341K, committed 9600K, reserved 1048576K
}
Event: 17.689 GC heap before
{Heap before GC invocations=19 (full 0):
 garbage-first heap   total reserved 1544192K, committed 50176K, used 44228K [0x00000000a1c00000, 0x0000000100000000)
  region size 1024K, 16 young (16384K), 2 survivors (2048K)
 Metaspace       used 69114K, committed 69760K, reserved 1114112K
  class space    used 9563K, committed 9856K, reserved 1048576K
}
Event: 17.693 GC heap after
{Heap after GC invocations=20 (full 0):
 garbage-first heap   total reserved 1544192K, committed 50176K, used 31250K [0x00000000a1c00000, 0x0000000100000000)
  region size 1024K, 2 young (2048K), 2 survivors (2048K)
 Metaspace       used 69114K, committed 69760K, reserved 1114112K
  class space    used 9563K, committed 9856K, reserved 1048576K
}
Event: 34.091 GC heap before
{Heap before GC invocations=20 (full 0):
 garbage-first heap   total reserved 1544192K, committed 50176K, used 43538K [0x00000000a1c00000, 0x0000000100000000)
  region size 1024K, 15 young (15360K), 2 survivors (2048K)
 Metaspace       used 72961K, committed 73664K, reserved 1114112K
  class space    used 10115K, committed 10432K, reserved 1048576K
}
Event: 34.100 GC heap after
{Heap after GC invocations=21 (full 0):
 garbage-first heap   total reserved 1544192K, committed 50176K, used 32444K [0x00000000a1c00000, 0x0000000100000000)
  region size 1024K, 2 young (2048K), 2 survivors (2048K)
 Metaspace       used 72961K, committed 73664K, reserved 1114112K
  class space    used 10115K, committed 10432K, reserved 1048576K
}

